Using pre-set license
Built from '2020.3/release' branch; Version is '2020.3.1f1 (77a89f25062f) revision 7841951'; Using compiler version '192528614'; Build Type 'Release'
OS: 'Windows 10 Home; OS build 18363.1440; Version 1909; 64bit' Language: 'en' Physical Memory: 16168 MB
BatchMode: 1, IsHumanControllingUs: 0, StartBugReporterOnCrash: 0, Is64bit: 1, IsPro: 0

 COMMAND LINE ARGUMENTS:
C:\Program Files\Unity\Hub\Editor\2020.3.1f1\Editor\Unity.exe
-adb2
-batchMode
-noUpm
-name
AssetImportWorker0
-projectPath
C:/Users/aweso/OneDrive/Documents/GitHub/HooHacksGame/HooHacksGame
-logFile
Logs/AssetImportWorker0.log
-srvPort
50472
Successfully changed project path to: C:/Users/aweso/OneDrive/Documents/GitHub/HooHacksGame/HooHacksGame
C:/Users/aweso/OneDrive/Documents/GitHub/HooHacksGame/HooHacksGame
Using Asset Import Pipeline V2.
Refreshing native plugins compatible for Editor in 50.19 ms, found 0 plugins.
Preloading 0 native plugins for Editor in 0.00 ms.
Initialize engine version: 2020.3.1f1 (77a89f25062f)
[Subsystems] Discovering subsystems at path C:/Program Files/Unity/Hub/Editor/2020.3.1f1/Editor/Data/Resources/UnitySubsystems
[Subsystems] Discovering subsystems at path C:/Users/aweso/OneDrive/Documents/GitHub/HooHacksGame/HooHacksGame/Assets
GfxDevice: creating device client; threaded=0
Direct3D:
    Version:  Direct3D 11.0 [level 11.1]
    Renderer: NVIDIA GeForce MX250 (ID=0x1d13)
    Vendor:   
    VRAM:     1983 MB
    Driver:   27.21.14.5167
Initialize mono
Mono path[0] = 'C:/Program Files/Unity/Hub/Editor/2020.3.1f1/Editor/Data/Managed'
Mono path[1] = 'C:/Program Files/Unity/Hub/Editor/2020.3.1f1/Editor/Data/MonoBleedingEdge/lib/mono/unityjit'
Mono config path = 'C:/Program Files/Unity/Hub/Editor/2020.3.1f1/Editor/Data/MonoBleedingEdge/etc'
Using monoOptions --debugger-agent=transport=dt_socket,embedding=1,server=y,suspend=n,address=127.0.0.1:56488
Begin MonoManager ReloadAssembly
Registering precompiled unity dll's ...
Register platform support module: C:/Program Files/Unity/Hub/Editor/2020.3.1f1/Editor/Data/PlaybackEngines/WebGLSupport/UnityEditor.WebGL.Extensions.dll
Register platform support module: C:/Program Files/Unity/Hub/Editor/2020.3.1f1/Editor/Data/PlaybackEngines/WindowsStandaloneSupport/UnityEditor.WindowsStandalone.Extensions.dll
Registered in 0.003428 seconds.
Native extension for WindowsStandalone target not found
Native extension for WebGL target not found
Refreshing native plugins compatible for Editor in 35.77 ms, found 0 plugins.
Preloading 0 native plugins for Editor in 0.00 ms.
Invoked RoslynAnalysisRunner static constructor.
RoslynAnalysisRunner will not be running.
RoslynAnalysisRunner has terminated.
Mono: successfully reloaded assembly
- Completed reload, in  1.277 seconds
Platform modules already initialized, skipping
Registering precompiled user dll's ...
Registered in 0.002635 seconds.
Begin MonoManager ReloadAssembly
Native extension for WindowsStandalone target not found
Native extension for WebGL target not found
Refreshing native plugins compatible for Editor in 0.76 ms, found 0 plugins.
Preloading 0 native plugins for Editor in 0.00 ms.
Invoked RoslynAnalysisRunner static constructor.
RoslynAnalysisRunner will not be running.
RoslynAnalysisRunner has terminated.
Mono: successfully reloaded assembly
- Completed reload, in  1.348 seconds
Platform modules already initialized, skipping
========================================================================
Worker process is ready to serve import requests
Launched and connected shader compiler UnityShaderCompiler.exe after 0.05 seconds
Refreshing native plugins compatible for Editor in 0.33 ms, found 0 plugins.
Preloading 0 native plugins for Editor in 0.00 ms.
Unloading 1626 Unused Serialized files (Serialized files now loaded: 0)
System memory in use before: 77.5 MB.
System memory in use after: 75.8 MB.

Unloading 40 unused Assets to reduce memory usage. Loaded Objects now: 2037.
Total: 3.969300 ms (FindLiveObjects: 0.388500 ms CreateObjectMapping: 0.052900 ms MarkObjects: 2.236700 ms  DeleteObjects: 1.290100 ms)

========================================================================
Received Import Request.
  path: Assets/Character/Sprites/PlayerIdle.png
  artifactKey: Guid(ba86c7b200abe499cb750833482830b3) Importer(815301076,1909f56bfc062723c751e8b465ee728b)
Start importing Assets/Character/Sprites/PlayerIdle.png using Guid(ba86c7b200abe499cb750833482830b3) Importer(815301076,1909f56bfc062723c751e8b465ee728b)  -> (artifact id: '4d9a439ea3959e49fdc36a7435067524') in 0.694294 seconds
  Import took 0.703649 seconds .

========================================================================
Received Prepare
Registering precompiled user dll's ...
Registered in 0.001776 seconds.
Begin MonoManager ReloadAssembly
Native extension for WindowsStandalone target not found
Native extension for WebGL target not found
Refreshing native plugins compatible for Editor in 0.58 ms, found 0 plugins.
Preloading 0 native plugins for Editor in 0.00 ms.
Invoked RoslynAnalysisRunner static constructor.
RoslynAnalysisRunner will not be running.
RoslynAnalysisRunner has terminated.
Mono: successfully reloaded assembly
- Completed reload, in  1.016 seconds
Platform modules already initialized, skipping
Refreshing native plugins compatible for Editor in 0.59 ms, found 0 plugins.
Preloading 0 native plugins for Editor in 0.00 ms.
Unloading 1608 Unused Serialized files (Serialized files now loaded: 0)
System memory in use before: 79.6 MB.
System memory in use after: 77.9 MB.

Unloading 35 unused Assets to reduce memory usage. Loaded Objects now: 2047.
Total: 2.800400 ms (FindLiveObjects: 0.225300 ms CreateObjectMapping: 0.066200 ms MarkObjects: 1.754400 ms  DeleteObjects: 0.753500 ms)

========================================================================
Received Import Request.
  Time since last request: 4739.293768 seconds.
  path: Assets/Character/Sprites/EnemyIdle.png
  artifactKey: Guid(fe68c6e1242e94a9eab222e1f49440ff) Importer(815301076,1909f56bfc062723c751e8b465ee728b)
Start importing Assets/Character/Sprites/EnemyIdle.png using Guid(fe68c6e1242e94a9eab222e1f49440ff) Importer(815301076,1909f56bfc062723c751e8b465ee728b)  -> (artifact id: '8a4a510ddc92976d5e1bf6821a32060e') in 0.394390 seconds
  Import took 0.505333 seconds .

========================================================================
Received Prepare
Registering precompiled user dll's ...
Registered in 0.001565 seconds.
Begin MonoManager ReloadAssembly
Native extension for WindowsStandalone target not found
Native extension for WebGL target not found
Refreshing native plugins compatible for Editor in 0.50 ms, found 0 plugins.
Preloading 0 native plugins for Editor in 0.00 ms.
Invoked RoslynAnalysisRunner static constructor.
RoslynAnalysisRunner will not be running.
RoslynAnalysisRunner has terminated.
Mono: successfully reloaded assembly
- Completed reload, in  1.048 seconds
Platform modules already initialized, skipping
Refreshing native plugins compatible for Editor in 0.47 ms, found 0 plugins.
Preloading 0 native plugins for Editor in 0.00 ms.
Unloading 1608 Unused Serialized files (Serialized files now loaded: 0)
System memory in use before: 79.6 MB.
System memory in use after: 77.9 MB.

Unloading 35 unused Assets to reduce memory usage. Loaded Objects now: 2052.
Total: 3.605400 ms (FindLiveObjects: 0.336600 ms CreateObjectMapping: 0.137300 ms MarkObjects: 2.368800 ms  DeleteObjects: 0.761500 ms)

========================================================================
Received Import Request.
  Time since last request: 107.977193 seconds.
  path: Assets/Character/Sprites/EnemyIdle.xcf
  artifactKey: Guid(1ca5d03ed7018de4d9cc568c547471aa) Importer(815301076,1909f56bfc062723c751e8b465ee728b)
Start importing Assets/Character/Sprites/EnemyIdle.xcf using Guid(1ca5d03ed7018de4d9cc568c547471aa) Importer(815301076,1909f56bfc062723c751e8b465ee728b)  -> (artifact id: '7248806c9ebff68f2e9da8293021e541') in 0.014344 seconds
  Import took 0.020143 seconds .

========================================================================
Received Prepare
Registering precompiled user dll's ...
Registered in 0.001612 seconds.
Begin MonoManager ReloadAssembly
Native extension for WindowsStandalone target not found
Native extension for WebGL target not found
Refreshing native plugins compatible for Editor in 0.51 ms, found 0 plugins.
Preloading 0 native plugins for Editor in 0.00 ms.
Invoked RoslynAnalysisRunner static constructor.
RoslynAnalysisRunner will not be running.
RoslynAnalysisRunner has terminated.
Mono: successfully reloaded assembly
- Completed reload, in  0.974 seconds
Platform modules already initialized, skipping
Refreshing native plugins compatible for Editor in 0.35 ms, found 0 plugins.
Preloading 0 native plugins for Editor in 0.00 ms.
Unloading 1608 Unused Serialized files (Serialized files now loaded: 0)
System memory in use before: 79.7 MB.
System memory in use after: 78.0 MB.

Unloading 35 unused Assets to reduce memory usage. Loaded Objects now: 2055.
Total: 5.886200 ms (FindLiveObjects: 1.233500 ms CreateObjectMapping: 0.129900 ms MarkObjects: 3.395900 ms  DeleteObjects: 1.125400 ms)

========================================================================
Received Import Request.
  Time since last request: 1725.766569 seconds.
  path: Assets/Character/Sprites/EnemyRun.png
  artifactKey: Guid(38c1b0996c8e0457eb88644b8cb126f3) Importer(815301076,1909f56bfc062723c751e8b465ee728b)
Start importing Assets/Character/Sprites/EnemyRun.png using Guid(38c1b0996c8e0457eb88644b8cb126f3) Importer(815301076,1909f56bfc062723c751e8b465ee728b)  -> (artifact id: 'b647ee1945d1eb8fa860fbf5244f50cc') in 0.304299 seconds
  Import took 0.331506 seconds .

========================================================================
Received Prepare
Registering precompiled user dll's ...
Registered in 0.002964 seconds.
Begin MonoManager ReloadAssembly
Native extension for WindowsStandalone target not found
Native extension for WebGL target not found
Refreshing native plugins compatible for Editor in 0.50 ms, found 0 plugins.
Preloading 0 native plugins for Editor in 0.00 ms.
Invoked RoslynAnalysisRunner static constructor.
RoslynAnalysisRunner will not be running.
RoslynAnalysisRunner has terminated.
Mono: successfully reloaded assembly
- Completed reload, in  1.261 seconds
Platform modules already initialized, skipping
Refreshing native plugins compatible for Editor in 0.31 ms, found 0 plugins.
Preloading 0 native plugins for Editor in 0.00 ms.
Unloading 1608 Unused Serialized files (Serialized files now loaded: 0)
System memory in use before: 79.7 MB.
System memory in use after: 78.0 MB.

Unloading 35 unused Assets to reduce memory usage. Loaded Objects now: 2060.
Total: 2.382100 ms (FindLiveObjects: 0.224600 ms CreateObjectMapping: 0.077800 ms MarkObjects: 1.492700 ms  DeleteObjects: 0.585300 ms)

========================================================================
Received Import Request.
  Time since last request: 242.371970 seconds.
  path: Assets/Character/Sprites/EnemyRun.png
  artifactKey: Guid(38c1b0996c8e0457eb88644b8cb126f3) Importer(815301076,1909f56bfc062723c751e8b465ee728b)
Start importing Assets/Character/Sprites/EnemyRun.png using Guid(38c1b0996c8e0457eb88644b8cb126f3) Importer(815301076,1909f56bfc062723c751e8b465ee728b)  -> (artifact id: '53d197c6d380739396c08a930462e54b') in 0.264116 seconds
  Import took 0.270886 seconds .

========================================================================
Received Prepare
Registering precompiled user dll's ...
Registered in 0.007534 seconds.
Begin MonoManager ReloadAssembly
Native extension for WindowsStandalone target not found
Native extension for WebGL target not found
Refreshing native plugins compatible for Editor in 0.39 ms, found 0 plugins.
Preloading 0 native plugins for Editor in 0.00 ms.
Invoked RoslynAnalysisRunner static constructor.
RoslynAnalysisRunner will not be running.
RoslynAnalysisRunner has terminated.
Mono: successfully reloaded assembly
- Completed reload, in  2.729 seconds
Platform modules already initialized, skipping
Refreshing native plugins compatible for Editor in 0.50 ms, found 0 plugins.
Preloading 0 native plugins for Editor in 0.00 ms.
Unloading 1608 Unused Serialized files (Serialized files now loaded: 0)
System memory in use before: 79.7 MB.
System memory in use after: 78.0 MB.

Unloading 35 unused Assets to reduce memory usage. Loaded Objects now: 2064.
Total: 2.977100 ms (FindLiveObjects: 0.220800 ms CreateObjectMapping: 0.071400 ms MarkObjects: 1.850500 ms  DeleteObjects: 0.832800 ms)

========================================================================
Received Import Request.
  Time since last request: 955.689622 seconds.
  path: Assets/Character/Sprites/EnemyRun.png
  artifactKey: Guid(38c1b0996c8e0457eb88644b8cb126f3) Importer(815301076,1909f56bfc062723c751e8b465ee728b)
Start importing Assets/Character/Sprites/EnemyRun.png using Guid(38c1b0996c8e0457eb88644b8cb126f3) Importer(815301076,1909f56bfc062723c751e8b465ee728b)  -> (artifact id: '6cce1bca59ea3568227fe85b3733c4bb') in 0.214581 seconds
  Import took 0.222340 seconds .

========================================================================
Received Prepare
Registering precompiled user dll's ...
Registered in 0.002336 seconds.
Begin MonoManager ReloadAssembly
Native extension for WindowsStandalone target not found
Native extension for WebGL target not found
Refreshing native plugins compatible for Editor in 0.71 ms, found 0 plugins.
Preloading 0 native plugins for Editor in 0.00 ms.
Invoked RoslynAnalysisRunner static constructor.
RoslynAnalysisRunner will not be running.
RoslynAnalysisRunner has terminated.
Mono: successfully reloaded assembly
- Completed reload, in  1.628 seconds
Platform modules already initialized, skipping
Refreshing native plugins compatible for Editor in 0.38 ms, found 0 plugins.
Preloading 0 native plugins for Editor in 0.00 ms.
Unloading 1608 Unused Serialized files (Serialized files now loaded: 0)
System memory in use before: 79.7 MB.
System memory in use after: 78.0 MB.

Unloading 35 unused Assets to reduce memory usage. Loaded Objects now: 2068.
Total: 3.468900 ms (FindLiveObjects: 0.258700 ms CreateObjectMapping: 0.085900 ms MarkObjects: 2.208500 ms  DeleteObjects: 0.913700 ms)

========================================================================
Received Import Request.
  Time since last request: 59.744552 seconds.
  path: Assets/Character/Sprites/EnemyRun.png
  artifactKey: Guid(38c1b0996c8e0457eb88644b8cb126f3) Importer(815301076,1909f56bfc062723c751e8b465ee728b)
Start importing Assets/Character/Sprites/EnemyRun.png using Guid(38c1b0996c8e0457eb88644b8cb126f3) Importer(815301076,1909f56bfc062723c751e8b465ee728b)  -> (artifact id: 'e3fc47a35b3388ec1a0b13a7fab47747') in 0.144507 seconds
  Import took 0.151437 seconds .

========================================================================
Received Prepare
Registering precompiled user dll's ...
Registered in 0.003490 seconds.
Begin MonoManager ReloadAssembly
Native extension for WindowsStandalone target not found
Native extension for WebGL target not found
Refreshing native plugins compatible for Editor in 0.48 ms, found 0 plugins.
Preloading 0 native plugins for Editor in 0.00 ms.
Invoked RoslynAnalysisRunner static constructor.
RoslynAnalysisRunner will not be running.
RoslynAnalysisRunner has terminated.
Mono: successfully reloaded assembly
- Completed reload, in  0.973 seconds
Platform modules already initialized, skipping
Refreshing native plugins compatible for Editor in 5.80 ms, found 0 plugins.
Preloading 0 native plugins for Editor in 0.00 ms.
Unloading 1608 Unused Serialized files (Serialized files now loaded: 0)
System memory in use before: 79.7 MB.
System memory in use after: 78.0 MB.

Unloading 35 unused Assets to reduce memory usage. Loaded Objects now: 2072.
Total: 7.743600 ms (FindLiveObjects: 0.630400 ms CreateObjectMapping: 0.252200 ms MarkObjects: 5.630800 ms  DeleteObjects: 1.145300 ms)

========================================================================
Received Import Request.
  Time since last request: 272.920995 seconds.
  path: Assets/Character/Sprites/EnemyRun.png
  artifactKey: Guid(38c1b0996c8e0457eb88644b8cb126f3) Importer(815301076,1909f56bfc062723c751e8b465ee728b)
Start importing Assets/Character/Sprites/EnemyRun.png using Guid(38c1b0996c8e0457eb88644b8cb126f3) Importer(815301076,1909f56bfc062723c751e8b465ee728b)  -> (artifact id: '15923fd3dfc703f1d6e3b0f93005ba52') in 0.144269 seconds
  Import took 0.155018 seconds .

========================================================================
Received Import Request.
  Time since last request: 1.826085 seconds.
  path: Assets/Character/Sprites/EnemyRun.png
  artifactKey: Guid(38c1b0996c8e0457eb88644b8cb126f3) Importer(815301076,1909f56bfc062723c751e8b465ee728b)
Start importing Assets/Character/Sprites/EnemyRun.png using Guid(38c1b0996c8e0457eb88644b8cb126f3) Importer(815301076,1909f56bfc062723c751e8b465ee728b)  -> (artifact id: '15923fd3dfc703f1d6e3b0f93005ba52') in 0.108303 seconds
  Import took 0.114449 seconds .

========================================================================
Received Prepare
Registering precompiled user dll's ...
Registered in 0.002269 seconds.
Begin MonoManager ReloadAssembly
Native extension for WindowsStandalone target not found
Native extension for WebGL target not found
Refreshing native plugins compatible for Editor in 0.72 ms, found 0 plugins.
Preloading 0 native plugins for Editor in 0.00 ms.
Invoked RoslynAnalysisRunner static constructor.
RoslynAnalysisRunner will not be running.
RoslynAnalysisRunner has terminated.
Mono: successfully reloaded assembly
- Completed reload, in  1.597 seconds
Platform modules already initialized, skipping
Refreshing native plugins compatible for Editor in 0.61 ms, found 0 plugins.
Preloading 0 native plugins for Editor in 0.00 ms.
Unloading 1608 Unused Serialized files (Serialized files now loaded: 0)
System memory in use before: 79.7 MB.
System memory in use after: 78.0 MB.

Unloading 35 unused Assets to reduce memory usage. Loaded Objects now: 2076.
Total: 3.009300 ms (FindLiveObjects: 0.200300 ms CreateObjectMapping: 0.071400 ms MarkObjects: 1.902000 ms  DeleteObjects: 0.834600 ms)

========================================================================
Received Import Request.
  Time since last request: 455.363810 seconds.
  path: Assets/Character/Sprites/EnemyRun.png
  artifactKey: Guid(38c1b0996c8e0457eb88644b8cb126f3) Importer(815301076,1909f56bfc062723c751e8b465ee728b)
Start importing Assets/Character/Sprites/EnemyRun.png using Guid(38c1b0996c8e0457eb88644b8cb126f3) Importer(815301076,1909f56bfc062723c751e8b465ee728b)  -> (artifact id: 'b7092fb1854e594521e6ad8f21110bba') in 0.092156 seconds
  Import took 0.098673 seconds .

========================================================================
Received Prepare
Registering precompiled user dll's ...
Registered in 0.002316 seconds.
Begin MonoManager ReloadAssembly
Native extension for WindowsStandalone target not found
Native extension for WebGL target not found
Refreshing native plugins compatible for Editor in 0.56 ms, found 0 plugins.
Preloading 0 native plugins for Editor in 0.00 ms.
Invoked RoslynAnalysisRunner static constructor.
RoslynAnalysisRunner will not be running.
RoslynAnalysisRunner has terminated.
Mono: successfully reloaded assembly
- Completed reload, in  2.276 seconds
Platform modules already initialized, skipping
Refreshing native plugins compatible for Editor in 0.56 ms, found 0 plugins.
Preloading 0 native plugins for Editor in 0.00 ms.
Unloading 1608 Unused Serialized files (Serialized files now loaded: 0)
System memory in use before: 79.7 MB.
System memory in use after: 78.0 MB.

Unloading 35 unused Assets to reduce memory usage. Loaded Objects now: 2080.
Total: 3.419900 ms (FindLiveObjects: 0.520400 ms CreateObjectMapping: 0.114500 ms MarkObjects: 1.982900 ms  DeleteObjects: 0.800400 ms)

========================================================================
Received Prepare
Registering precompiled user dll's ...
Registered in 0.001600 seconds.
Begin MonoManager ReloadAssembly
Native extension for WindowsStandalone target not found
Native extension for WebGL target not found
Refreshing native plugins compatible for Editor in 0.43 ms, found 0 plugins.
Preloading 0 native plugins for Editor in 0.00 ms.
Invoked RoslynAnalysisRunner static constructor.
RoslynAnalysisRunner will not be running.
RoslynAnalysisRunner has terminated.
Mono: successfully reloaded assembly
- Completed reload, in  1.109 seconds
Platform modules already initialized, skipping
Refreshing native plugins compatible for Editor in 0.31 ms, found 0 plugins.
Preloading 0 native plugins for Editor in 0.00 ms.
Unloading 1608 Unused Serialized files (Serialized files now loaded: 0)
System memory in use before: 79.7 MB.
System memory in use after: 78.0 MB.

Unloading 35 unused Assets to reduce memory usage. Loaded Objects now: 2083.
Total: 3.141900 ms (FindLiveObjects: 0.196300 ms CreateObjectMapping: 0.060800 ms MarkObjects: 1.878800 ms  DeleteObjects: 1.004500 ms)

========================================================================
Received Import Request.
  Time since last request: 1486.848909 seconds.
  path: Assets/Character/Sprites/EnemyDeath.png
  artifactKey: Guid(0d22f52a800554566bb7a5bd62041458) Importer(815301076,1909f56bfc062723c751e8b465ee728b)
Start importing Assets/Character/Sprites/EnemyDeath.png using Guid(0d22f52a800554566bb7a5bd62041458) Importer(815301076,1909f56bfc062723c751e8b465ee728b)  -> (artifact id: '0cb5d9bdd6c7dd8b30d6badc79081ba6') in 0.140346 seconds
  Import took 0.151877 seconds .

========================================================================
Received Prepare
Registering precompiled user dll's ...
Registered in 0.001776 seconds.
Begin MonoManager ReloadAssembly
Native extension for WindowsStandalone target not found
Native extension for WebGL target not found
Refreshing native plugins compatible for Editor in 0.32 ms, found 0 plugins.
Preloading 0 native plugins for Editor in 0.00 ms.
Invoked RoslynAnalysisRunner static constructor.
RoslynAnalysisRunner will not be running.
RoslynAnalysisRunner has terminated.
Mono: successfully reloaded assembly
- Completed reload, in  1.238 seconds
Platform modules already initialized, skipping
Refreshing native plugins compatible for Editor in 0.71 ms, found 0 plugins.
Preloading 0 native plugins for Editor in 0.00 ms.
Unloading 1608 Unused Serialized files (Serialized files now loaded: 0)
System memory in use before: 79.7 MB.
System memory in use after: 78.0 MB.

Unloading 35 unused Assets to reduce memory usage. Loaded Objects now: 2088.
Total: 4.602900 ms (FindLiveObjects: 0.335600 ms CreateObjectMapping: 0.153000 ms MarkObjects: 2.802300 ms  DeleteObjects: 1.310100 ms)

========================================================================
Received Import Request.
  Time since last request: 213.497735 seconds.
  path: Assets/Scripts/Mechanics/DeathZone.cs
  artifactKey: Guid(f9473387ae50744bf946308793bd64e9) Importer(815301076,1909f56bfc062723c751e8b465ee728b)
Start importing Assets/Scripts/Mechanics/DeathZone.cs using Guid(f9473387ae50744bf946308793bd64e9) Importer(815301076,1909f56bfc062723c751e8b465ee728b)  -> (artifact id: 'b013fb95da41a64b74117c79ea2b2882') in 0.011317 seconds
  Import took 0.018982 seconds .

========================================================================
Received Import Request.
  Time since last request: 1.440185 seconds.
  path: Assets/Scripts/Mechanics/EnemyController.cs
  artifactKey: Guid(cd654acc1f7894a509f3420e5c9ffea6) Importer(815301076,1909f56bfc062723c751e8b465ee728b)
Start importing Assets/Scripts/Mechanics/EnemyController.cs using Guid(cd654acc1f7894a509f3420e5c9ffea6) Importer(815301076,1909f56bfc062723c751e8b465ee728b)  -> (artifact id: 'd3d4bf8bf907a2efa0f6f2c85722dc26') in 0.005984 seconds
  Import took 0.017838 seconds .

========================================================================
Received Import Request.
  Time since last request: 25.396351 seconds.
  path: Assets/Scripts/Mechanics/VictoryZone.cs
  artifactKey: Guid(83b7b8893929d4d9094f6655d580fae1) Importer(815301076,1909f56bfc062723c751e8b465ee728b)
Start importing Assets/Scripts/Mechanics/VictoryZone.cs using Guid(83b7b8893929d4d9094f6655d580fae1) Importer(815301076,1909f56bfc062723c751e8b465ee728b)  -> (artifact id: '9b702a470b5dca756a91d9d9d96fb3a5') in 0.003814 seconds
  Import took 0.012062 seconds .

========================================================================
Received Import Request.
  Time since last request: 4.607989 seconds.
  path: Assets/Scripts/Mechanics/AnimationController.cs
  artifactKey: Guid(be4d02721cd9d4baa869d3b890cec48f) Importer(815301076,1909f56bfc062723c751e8b465ee728b)
Start importing Assets/Scripts/Mechanics/AnimationController.cs using Guid(be4d02721cd9d4baa869d3b890cec48f) Importer(815301076,1909f56bfc062723c751e8b465ee728b)  -> (artifact id: '410c797874233d189f717ddf4beeefe2') in 0.005271 seconds
  Import took 0.014564 seconds .

========================================================================
Received Import Request.
  Time since last request: 4.050545 seconds.
  path: Assets/Scripts/Mechanics/GameController.cs
  artifactKey: Guid(7804c522061bd4c558b5008952406407) Importer(815301076,1909f56bfc062723c751e8b465ee728b)
Start importing Assets/Scripts/Mechanics/GameController.cs using Guid(7804c522061bd4c558b5008952406407) Importer(815301076,1909f56bfc062723c751e8b465ee728b)  -> (artifact id: 'aecd2ac168add352ba0bf60bc7ae0200') in 0.004716 seconds
  Import took 0.015253 seconds .

========================================================================
Received Import Request.
  Time since last request: 1.338453 seconds.
  path: Assets/Scripts/Mechanics/Health.cs
  artifactKey: Guid(ffad43bb006db4856a9c527b89b48db9) Importer(815301076,1909f56bfc062723c751e8b465ee728b)
Start importing Assets/Scripts/Mechanics/Health.cs using Guid(ffad43bb006db4856a9c527b89b48db9) Importer(815301076,1909f56bfc062723c751e8b465ee728b)  -> (artifact id: 'a5ad208aecfb9fe30fb7d41ed1747207') in 0.007253 seconds
  Import took 0.023612 seconds .

========================================================================
Received Import Request.
  Time since last request: 1.161498 seconds.
  path: Assets/Scripts/Mechanics/KinematicObject.cs
  artifactKey: Guid(565fbc50999104819abb0f2031ff5ac9) Importer(815301076,1909f56bfc062723c751e8b465ee728b)
Start importing Assets/Scripts/Mechanics/KinematicObject.cs using Guid(565fbc50999104819abb0f2031ff5ac9) Importer(815301076,1909f56bfc062723c751e8b465ee728b)  -> (artifact id: '6e54bf4549cf3eb3dcfd794726bc206c') in 0.004662 seconds
  Import took 0.012906 seconds .

========================================================================
Received Import Request.
  Time since last request: 4.302180 seconds.
  path: Assets/Scripts/Mechanics/PatrolPath.cs
  artifactKey: Guid(83b023ebe508a49c880fc00552f0dfc1) Importer(815301076,1909f56bfc062723c751e8b465ee728b)
Start importing Assets/Scripts/Mechanics/PatrolPath.cs using Guid(83b023ebe508a49c880fc00552f0dfc1) Importer(815301076,1909f56bfc062723c751e8b465ee728b)  -> (artifact id: 'de840bdb2bffb46b91f7ff282db58f25') in 0.005526 seconds
  Import took 0.015561 seconds .

========================================================================
Received Import Request.
  Time since last request: 1.850289 seconds.
  path: Assets/Scripts/Mechanics/PatrolPath.Mover.cs
  artifactKey: Guid(91fcc8d06d79c4678aabe2abed234213) Importer(815301076,1909f56bfc062723c751e8b465ee728b)
Start importing Assets/Scripts/Mechanics/PatrolPath.Mover.cs using Guid(91fcc8d06d79c4678aabe2abed234213) Importer(815301076,1909f56bfc062723c751e8b465ee728b)  -> (artifact id: 'd215c4e8f35fdd42fd73427e903877ae') in 0.006378 seconds
  Import took 0.022704 seconds .

========================================================================
Received Import Request.
  Time since last request: 0.363264 seconds.
  path: Assets/Scripts/Mechanics/PlayAudioClip.cs
  artifactKey: Guid(1715bf1b7a5e8480aba89c75b75ce7cd) Importer(815301076,1909f56bfc062723c751e8b465ee728b)
Start importing Assets/Scripts/Mechanics/PlayAudioClip.cs using Guid(1715bf1b7a5e8480aba89c75b75ce7cd) Importer(815301076,1909f56bfc062723c751e8b465ee728b)  -> (artifact id: '529780cae727a068de5b70f5b95162b7') in 0.008957 seconds
  Import took 0.023203 seconds .

========================================================================
Received Import Request.
  Time since last request: 0.886423 seconds.
  path: Assets/Scripts/Mechanics/PlayerController.cs
  artifactKey: Guid(709ee11994a2f44658e5fc9887c45081) Importer(815301076,1909f56bfc062723c751e8b465ee728b)
Start importing Assets/Scripts/Mechanics/PlayerController.cs using Guid(709ee11994a2f44658e5fc9887c45081) Importer(815301076,1909f56bfc062723c751e8b465ee728b)  -> (artifact id: '03c268dbdf6a7eac39a9fbb0eb1d8dbf') in 0.005265 seconds
  Import took 0.015806 seconds .

========================================================================
Received Import Request.
  Time since last request: 2.474282 seconds.
  path: Assets/Scripts/Mechanics/SpawnPoint.cs
  artifactKey: Guid(97143aaad65244901859cf22f86c8b49) Importer(815301076,1909f56bfc062723c751e8b465ee728b)
Start importing Assets/Scripts/Mechanics/SpawnPoint.cs using Guid(97143aaad65244901859cf22f86c8b49) Importer(815301076,1909f56bfc062723c751e8b465ee728b)  -> (artifact id: '1fa49bb33048211d5efdac6d5c40daa1') in 0.034551 seconds
  Import took 0.051917 seconds .

========================================================================
Received Import Request.
  Time since last request: 1.031214 seconds.
  path: Assets/Scripts/Mechanics/TokenController.cs
  artifactKey: Guid(8eabb3e8a9f87443da0ea2a1a2101fb8) Importer(815301076,1909f56bfc062723c751e8b465ee728b)
Start importing Assets/Scripts/Mechanics/TokenController.cs using Guid(8eabb3e8a9f87443da0ea2a1a2101fb8) Importer(815301076,1909f56bfc062723c751e8b465ee728b)  -> (artifact id: '722f8d5753db159eee2c13d114f3e52b') in 0.054790 seconds
  Import took 0.111564 seconds .

========================================================================
Received Import Request.
  Time since last request: 7.417794 seconds.
  path: Assets/Scripts/Gameplay/EnemyDeath.cs
  artifactKey: Guid(372c5a0e9ae09479a837b93ab71d1e7a) Importer(815301076,1909f56bfc062723c751e8b465ee728b)
Start importing Assets/Scripts/Gameplay/EnemyDeath.cs using Guid(372c5a0e9ae09479a837b93ab71d1e7a) Importer(815301076,1909f56bfc062723c751e8b465ee728b)  -> (artifact id: '79319ef647e7cc80e45e6e17a6ddb240') in 0.006660 seconds
  Import took 0.019103 seconds .

========================================================================
Received Import Request.
  Time since last request: 43.766716 seconds.
  path: Assets/Scripts/Gameplay/PlayerEnemyCollision.cs
  artifactKey: Guid(c8dbdd402c7594d3984ae281ba568775) Importer(815301076,1909f56bfc062723c751e8b465ee728b)
Start importing Assets/Scripts/Gameplay/PlayerEnemyCollision.cs using Guid(c8dbdd402c7594d3984ae281ba568775) Importer(815301076,1909f56bfc062723c751e8b465ee728b)  -> (artifact id: '202165e7211d99ee2efcc44ea654e1e5') in 0.005780 seconds
  Import took 0.016088 seconds .

========================================================================
Received Import Request.
  Time since last request: 19.339421 seconds.
  path: Assets/Scripts/Gameplay/PlayerLanded.cs
  artifactKey: Guid(a408f6e7866fe4789addb32c11b745b7) Importer(815301076,1909f56bfc062723c751e8b465ee728b)
Start importing Assets/Scripts/Gameplay/PlayerLanded.cs using Guid(a408f6e7866fe4789addb32c11b745b7) Importer(815301076,1909f56bfc062723c751e8b465ee728b)  -> (artifact id: '479e1597c36c5204a023086478e3d15b') in 0.004482 seconds
  Import took 0.014924 seconds .

========================================================================
Received Import Request.
  Time since last request: 1.011778 seconds.
  path: Assets/Scripts/Gameplay/PlayerSpawn.cs
  artifactKey: Guid(8fc2f862cb18245199adc2074a7f2b4e) Importer(815301076,1909f56bfc062723c751e8b465ee728b)
Start importing Assets/Scripts/Gameplay/PlayerSpawn.cs using Guid(8fc2f862cb18245199adc2074a7f2b4e) Importer(815301076,1909f56bfc062723c751e8b465ee728b)  -> (artifact id: '90dfed11bdaf4d19c49d9d3bcaffe7b2') in 0.004303 seconds
  Import took 0.015023 seconds .

========================================================================
Received Import Request.
  Time since last request: 0.543836 seconds.
  path: Assets/Scripts/Gameplay/PlayerStopJump.cs
  artifactKey: Guid(f192dfa6aa5634c23ad0160e80332bde) Importer(815301076,1909f56bfc062723c751e8b465ee728b)
Start importing Assets/Scripts/Gameplay/PlayerStopJump.cs using Guid(f192dfa6aa5634c23ad0160e80332bde) Importer(815301076,1909f56bfc062723c751e8b465ee728b)  -> (artifact id: '64950de615743c9cbd9ec32cd0010a19') in 0.028130 seconds
  Import took 0.049251 seconds .

========================================================================
Received Import Request.
  Time since last request: 0.907970 seconds.
  path: Assets/Scripts/Gameplay/PlayerTokenCollision.cs
  artifactKey: Guid(280a2907710a44d77a3ecb703ab792f5) Importer(815301076,1909f56bfc062723c751e8b465ee728b)
Start importing Assets/Scripts/Gameplay/PlayerTokenCollision.cs using Guid(280a2907710a44d77a3ecb703ab792f5) Importer(815301076,1909f56bfc062723c751e8b465ee728b)  -> (artifact id: 'd81ef305fb030ac36e2e89bd82be164e') in 0.006741 seconds
  Import took 0.020535 seconds .

========================================================================
Received Import Request.
  Time since last request: 1.470585 seconds.
  path: Assets/Scripts/Gameplay/PlayerJumped.cs
  artifactKey: Guid(d0594447dc056485392cd3234551e60c) Importer(815301076,1909f56bfc062723c751e8b465ee728b)
Start importing Assets/Scripts/Gameplay/PlayerJumped.cs using Guid(d0594447dc056485392cd3234551e60c) Importer(815301076,1909f56bfc062723c751e8b465ee728b)  -> (artifact id: '72199cf07fd088a97c47cebe62a33690') in 0.007386 seconds
  Import took 0.020582 seconds .

========================================================================
Received Import Request.
  Time since last request: 2.013482 seconds.
  path: Assets/Scripts/Gameplay/PlayerEnteredVictoryZone.cs
  artifactKey: Guid(7f69543bd2f704ed8a7a45ae002f648c) Importer(815301076,1909f56bfc062723c751e8b465ee728b)
Start importing Assets/Scripts/Gameplay/PlayerEnteredVictoryZone.cs using Guid(7f69543bd2f704ed8a7a45ae002f648c) Importer(815301076,1909f56bfc062723c751e8b465ee728b)  -> (artifact id: '4c60112e8fd7d74c784c55d58cd39be0') in 0.029660 seconds
  Import took 0.079967 seconds .

========================================================================
Received Import Request.
  Time since last request: 9.358317 seconds.
  path: Assets/Scripts/Gameplay/EnablePlayerInput.cs
  artifactKey: Guid(3a16c824d04cf498f84afeda5341fee7) Importer(815301076,1909f56bfc062723c751e8b465ee728b)
Start importing Assets/Scripts/Gameplay/EnablePlayerInput.cs using Guid(3a16c824d04cf498f84afeda5341fee7) Importer(815301076,1909f56bfc062723c751e8b465ee728b)  -> (artifact id: 'eb126c5b368348d183c05e043b656941') in 0.005668 seconds
  Import took 0.017135 seconds .

========================================================================
Received Import Request.
  Time since last request: 3.035342 seconds.
  path: Assets/Scripts/Gameplay/PlayerDeath.cs
  artifactKey: Guid(b144adbcc33064b868df6d6c17ab5f1a) Importer(815301076,1909f56bfc062723c751e8b465ee728b)
Start importing Assets/Scripts/Gameplay/PlayerDeath.cs using Guid(b144adbcc33064b868df6d6c17ab5f1a) Importer(815301076,1909f56bfc062723c751e8b465ee728b)  -> (artifact id: '40193ab756c9a4d1172fd85d7a77e4ae') in 0.005651 seconds
  Import took 0.018203 seconds .

========================================================================
Received Import Request.
  Time since last request: 84.695589 seconds.
  path: Assets/Scripts/Gameplay/HealthIsZero.cs
  artifactKey: Guid(292255fa2d1a944a18cc65545b54cbe1) Importer(815301076,1909f56bfc062723c751e8b465ee728b)
Start importing Assets/Scripts/Gameplay/HealthIsZero.cs using Guid(292255fa2d1a944a18cc65545b54cbe1) Importer(815301076,1909f56bfc062723c751e8b465ee728b)  -> (artifact id: '56087be35fc607f50e3a6e61545358ec') in 0.005635 seconds
  Import took 0.014941 seconds .

========================================================================
Received Import Request.
  Time since last request: 55.483304 seconds.
  path: Assets/Tiles/cloud.asset
  artifactKey: Guid(216e1d3fb32f7bc48a7a754adcfca76f) Importer(815301076,1909f56bfc062723c751e8b465ee728b)
Start importing Assets/Tiles/cloud.asset using Guid(216e1d3fb32f7bc48a7a754adcfca76f) Importer(815301076,1909f56bfc062723c751e8b465ee728b)  -> (artifact id: '0834ab80ed30021480b059dbe2bb1a43') in 0.172278 seconds
  Import took 0.181948 seconds .

========================================================================
Received Import Request.
  Time since last request: 0.000425 seconds.
  path: Assets/Tiles/plant.asset
  artifactKey: Guid(ca038d30e63673a458203d4a31573d95) Importer(815301076,1909f56bfc062723c751e8b465ee728b)
Start importing Assets/Tiles/plant.asset using Guid(ca038d30e63673a458203d4a31573d95) Importer(815301076,1909f56bfc062723c751e8b465ee728b)  -> (artifact id: 'b1bc74a8dc63123b0134893915bfe1f1') in 0.014227 seconds
  Import took 0.024057 seconds .

========================================================================
Received Import Request.
  Time since last request: 0.000335 seconds.
  path: Assets/Tiles/TileGround.asset
  artifactKey: Guid(346d40452471dc54ba12d6c7e67a1920) Importer(815301076,1909f56bfc062723c751e8b465ee728b)
Start importing Assets/Tiles/TileGround.asset using Guid(346d40452471dc54ba12d6c7e67a1920) Importer(815301076,1909f56bfc062723c751e8b465ee728b)  -> (artifact id: '82713383298d346afe30cd4ec3283a3d') in 0.015853 seconds
  Import took 0.026332 seconds .

========================================================================
Received Import Request.
  Time since last request: 0.000260 seconds.
  path: Assets/Tiles/tree.asset
  artifactKey: Guid(425a6ca6169e0e14ba0dd745b3d35cb2) Importer(815301076,1909f56bfc062723c751e8b465ee728b)
Start importing Assets/Tiles/tree.asset using Guid(425a6ca6169e0e14ba0dd745b3d35cb2) Importer(815301076,1909f56bfc062723c751e8b465ee728b)  -> (artifact id: '21be81ef78bb233a8cfd53beac9290d0') in 0.019819 seconds
  Import took 0.028700 seconds .

========================================================================
Received Import Request.
  Time since last request: 0.000301 seconds.
  path: Assets/Tiles/mountains.asset
  artifactKey: Guid(17d8f745a300ff948ac10cceb364a2dc) Importer(815301076,1909f56bfc062723c751e8b465ee728b)
Start importing Assets/Tiles/mountains.asset using Guid(17d8f745a300ff948ac10cceb364a2dc) Importer(815301076,1909f56bfc062723c751e8b465ee728b)  -> (artifact id: 'f4ae2631ad3b3d9c01d4da083dc8c18e') in 0.032719 seconds
  Import took 0.043349 seconds .

========================================================================
Received Import Request.
  Time since last request: 0.000274 seconds.
  path: Assets/Tiles/TileGroundTop.asset
  artifactKey: Guid(00c0f6fa8d57f7949864cfd4ba00f858) Importer(815301076,1909f56bfc062723c751e8b465ee728b)
Start importing Assets/Tiles/TileGroundTop.asset using Guid(00c0f6fa8d57f7949864cfd4ba00f858) Importer(815301076,1909f56bfc062723c751e8b465ee728b)  -> (artifact id: '07648961e4602e02026373436003db88') in 0.015395 seconds
  Import took 0.025943 seconds .

========================================================================
Received Import Request.
  Time since last request: 0.000347 seconds.
  path: Assets/Tiles/TileFloatingLeftEdge.asset
  artifactKey: Guid(8ffc15ca897ef94428428a26ead7bd6d) Importer(815301076,1909f56bfc062723c751e8b465ee728b)
Start importing Assets/Tiles/TileFloatingLeftEdge.asset using Guid(8ffc15ca897ef94428428a26ead7bd6d) Importer(815301076,1909f56bfc062723c751e8b465ee728b)  -> (artifact id: '60366722b9860969084ab59330893ae8') in 0.016588 seconds
  Import took 0.026427 seconds .

========================================================================
Received Import Request.
  Time since last request: 0.000315 seconds.
  path: Assets/Tiles/fence.asset
  artifactKey: Guid(bb5d933e6627d374c8b68f8c7c95d5c4) Importer(815301076,1909f56bfc062723c751e8b465ee728b)
Start importing Assets/Tiles/fence.asset using Guid(bb5d933e6627d374c8b68f8c7c95d5c4) Importer(815301076,1909f56bfc062723c751e8b465ee728b)  -> (artifact id: 'd919c58f98805f09ee907d6199626659') in 0.013874 seconds
  Import took 0.025021 seconds .

========================================================================
Received Import Request.
  Time since last request: 0.000329 seconds.
  path: Assets/Tiles/TallBuilding.asset
  artifactKey: Guid(49ad221d69f75804d98336ca8956e57e) Importer(815301076,1909f56bfc062723c751e8b465ee728b)
Start importing Assets/Tiles/TallBuilding.asset using Guid(49ad221d69f75804d98336ca8956e57e) Importer(815301076,1909f56bfc062723c751e8b465ee728b)  -> (artifact id: '9e146e293de738e87d920fdf72ccb336') in 0.018167 seconds
  Import took 0.027661 seconds .

========================================================================
Received Import Request.
  Time since last request: 0.000317 seconds.
  path: Assets/Tiles/MidgroundFiller.asset
  artifactKey: Guid(8187bea14c4d7c849b76ae65d8bd9782) Importer(815301076,1909f56bfc062723c751e8b465ee728b)
Start importing Assets/Tiles/MidgroundFiller.asset using Guid(8187bea14c4d7c849b76ae65d8bd9782) Importer(815301076,1909f56bfc062723c751e8b465ee728b)  -> (artifact id: '74a0f3a135085ea6d808ea4ab4191e5b') in 0.014414 seconds
  Import took 0.024948 seconds .

========================================================================
Received Import Request.
  Time since last request: 0.000276 seconds.
  path: Assets/Tiles/TileFloatingRightEdge.asset
  artifactKey: Guid(ad89c8596ddf81949990df9a40c0168a) Importer(815301076,1909f56bfc062723c751e8b465ee728b)
Start importing Assets/Tiles/TileFloatingRightEdge.asset using Guid(ad89c8596ddf81949990df9a40c0168a) Importer(815301076,1909f56bfc062723c751e8b465ee728b)  -> (artifact id: 'f5e6621e59ecc9c6a345bb7dd36ac0cf') in 0.014951 seconds
  Import took 0.026811 seconds .

========================================================================
Received Import Request.
  Time since last request: 0.000263 seconds.
  path: Assets/Tiles/TileGroundDark.asset
  artifactKey: Guid(81d566c374d6f93469d3badfddb41f87) Importer(815301076,1909f56bfc062723c751e8b465ee728b)
Start importing Assets/Tiles/TileGroundDark.asset using Guid(81d566c374d6f93469d3badfddb41f87) Importer(815301076,1909f56bfc062723c751e8b465ee728b)  -> (artifact id: '46a5cf114ed8f350937ac9696720b952') in 0.015069 seconds
  Import took 0.025382 seconds .

========================================================================
Received Import Request.
  Time since last request: 0.000293 seconds.
  path: Assets/Tiles/midground.asset
  artifactKey: Guid(5b1ed690790872f45abca6cc98ea40b3) Importer(815301076,1909f56bfc062723c751e8b465ee728b)
Start importing Assets/Tiles/midground.asset using Guid(5b1ed690790872f45abca6cc98ea40b3) Importer(815301076,1909f56bfc062723c751e8b465ee728b)  -> (artifact id: '2387b93656680e1363ec886ec57af5d7') in 0.027946 seconds
  Import took 0.040017 seconds .

========================================================================
Received Import Request.
  Time since last request: 0.000295 seconds.
  path: Assets/Tiles/ShortBuilding.asset
  artifactKey: Guid(102dda6d7e3be4644bea1fdfea2d37d4) Importer(815301076,1909f56bfc062723c751e8b465ee728b)
Start importing Assets/Tiles/ShortBuilding.asset using Guid(102dda6d7e3be4644bea1fdfea2d37d4) Importer(815301076,1909f56bfc062723c751e8b465ee728b)  -> (artifact id: '3721f2cfeaf5a3b27157adabf3730320') in 0.016172 seconds
  Import took 0.027243 seconds .

========================================================================
Received Import Request.
  Time since last request: 0.000323 seconds.
  path: Assets/Tiles/house.asset
  artifactKey: Guid(68c5f18a4f480364ea8365252912ecee) Importer(815301076,1909f56bfc062723c751e8b465ee728b)
Start importing Assets/Tiles/house.asset using Guid(68c5f18a4f480364ea8365252912ecee) Importer(815301076,1909f56bfc062723c751e8b465ee728b)  -> (artifact id: 'ddd5cd1e509fd5274c4e9cf824ff0dea') in 0.017032 seconds
  Import took 0.028314 seconds .

========================================================================
Received Import Request.
  Time since last request: 0.000268 seconds.
  path: Assets/Tiles/hillside.asset
  artifactKey: Guid(7ce6d6745a4a31040b413bb8d4f7f6e7) Importer(815301076,1909f56bfc062723c751e8b465ee728b)
Start importing Assets/Tiles/hillside.asset using Guid(7ce6d6745a4a31040b413bb8d4f7f6e7) Importer(815301076,1909f56bfc062723c751e8b465ee728b)  -> (artifact id: 'b44bb637ff46493e888bb9ae8e034bf3') in 0.015381 seconds
  Import took 0.025754 seconds .

========================================================================
Received Import Request.
  Time since last request: 0.000261 seconds.
  path: Assets/Tiles/TileFloatingTileMiddle.asset
  artifactKey: Guid(fcbf1d913bd6d0a448fa221caa416d43) Importer(815301076,1909f56bfc062723c751e8b465ee728b)
Start importing Assets/Tiles/TileFloatingTileMiddle.asset using Guid(fcbf1d913bd6d0a448fa221caa416d43) Importer(815301076,1909f56bfc062723c751e8b465ee728b)  -> (artifact id: '22dc9e4d3bfcc9da788845fb6a0416a4') in 0.011471 seconds
  Import took 0.020077 seconds .

========================================================================
Received Import Request.
  Time since last request: 0.011756 seconds.
  path: Assets/Tutorials/PlatformerIcon.png
  artifactKey: Guid(f792378c1b6aa4c3c95bb1c9e55cd7d7) Importer(815301076,1909f56bfc062723c751e8b465ee728b)
Start importing Assets/Tutorials/PlatformerIcon.png using Guid(f792378c1b6aa4c3c95bb1c9e55cd7d7) Importer(815301076,1909f56bfc062723c751e8b465ee728b)  -> (artifact id: '46e6fea6030eb54f4b01b00a8ad8e00e') in 0.047114 seconds
  Import took 0.056556 seconds .

========================================================================
Received Import Request.
  Time since last request: 0.000304 seconds.
  path: Assets/Tutorials/Pop.aiff
  artifactKey: Guid(93fbb109633e844259ea828442bda0cb) Importer(815301076,1909f56bfc062723c751e8b465ee728b)
Start importing Assets/Tutorials/Pop.aiff using Guid(93fbb109633e844259ea828442bda0cb) Importer(815301076,1909f56bfc062723c751e8b465ee728b)  -> (artifact id: '31e6e803107025b20927ab188ff812d8') in 0.082108 seconds
  Import took 0.094580 seconds .

========================================================================
Received Import Request.
  Time since last request: 0.464050 seconds.
  path: Assets/Tutorials/Tutorial Project Settings.asset
  artifactKey: Guid(82ccda3adf0ba49e1ba86e30edff0cc5) Importer(815301076,1909f56bfc062723c751e8b465ee728b)
Start importing Assets/Tutorials/Tutorial Project Settings.asset using Guid(82ccda3adf0ba49e1ba86e30edff0cc5) Importer(815301076,1909f56bfc062723c751e8b465ee728b)  -> (artifact id: '2ea5341d27b703dcfe6f8b7d81a86e4f') in 1.866588 seconds
  Import took 1.907299 seconds .

========================================================================
Received Import Request.
  Time since last request: 0.000703 seconds.
  path: Assets/Tutorials/Tutorials.asset
  artifactKey: Guid(977fb762f450240fd9006b8153a0f534) Importer(815301076,1909f56bfc062723c751e8b465ee728b)
Start importing Assets/Tutorials/Tutorials.asset using Guid(977fb762f450240fd9006b8153a0f534) Importer(815301076,1909f56bfc062723c751e8b465ee728b)  -> (artifact id: 'cc41bcac3f87067fbdf49a2102bcccc6') in 1.021590 seconds
  Import took 1.063549 seconds .

========================================================================
Received Import Request.
  Time since last request: 0.000384 seconds.
  path: Assets/Tutorials/TutorialHeader.png
  artifactKey: Guid(5384282a0273144fa9333beb77183cb4) Importer(815301076,1909f56bfc062723c751e8b465ee728b)
Start importing Assets/Tutorials/TutorialHeader.png using Guid(5384282a0273144fa9333beb77183cb4) Importer(815301076,1909f56bfc062723c751e8b465ee728b)  -> (artifact id: 'd595ce7e1da8225059e4c6bae16c9d37') in 0.150723 seconds
  Import took 0.187051 seconds .

========================================================================
Received Import Request.
  Time since last request: 0.003960 seconds.
  path: Assets/Tutorials/WelcomeDialog.asset
  artifactKey: Guid(c4fddd74b608848c6871b3b0f762ff1d) Importer(815301076,1909f56bfc062723c751e8b465ee728b)
Start importing Assets/Tutorials/WelcomeDialog.asset using Guid(c4fddd74b608848c6871b3b0f762ff1d) Importer(815301076,1909f56bfc062723c751e8b465ee728b)  -> (artifact id: '378924223905bcc0646583c230ef3ae5') in 0.030136 seconds
  Import took 0.107433 seconds .

========================================================================
Received Import Request.
  Time since last request: 0.001221 seconds.
  path: Assets/Tutorials/Unity.Platformer.Tutorials.asmdef
  artifactKey: Guid(31dfa4f98b707e143912a08d1b696719) Importer(815301076,1909f56bfc062723c751e8b465ee728b)
Start importing Assets/Tutorials/Unity.Platformer.Tutorials.asmdef using Guid(31dfa4f98b707e143912a08d1b696719) Importer(815301076,1909f56bfc062723c751e8b465ee728b)  -> (artifact id: 'fbef1fbe52d1f63f408f72cdde43f87b') in 0.071075 seconds
  Import took 0.102402 seconds .

========================================================================
Received Import Request.
  Time since last request: 0.004310 seconds.
  path: Assets/Tutorials/WelcomeDialogArt.png
  artifactKey: Guid(4c7cbe18ed8044725bafa532fbd5ec8e) Importer(815301076,1909f56bfc062723c751e8b465ee728b)
Start importing Assets/Tutorials/WelcomeDialogArt.png using Guid(4c7cbe18ed8044725bafa532fbd5ec8e) Importer(815301076,1909f56bfc062723c751e8b465ee728b)  -> (artifact id: 'e1d284b530ba49cfa0c54e5d42bc8df9') in 0.034680 seconds
  Import took 0.064156 seconds .

========================================================================
Received Import Request.
  Time since last request: 0.000423 seconds.
  path: Assets/Tutorials/TutorialCallbacks.asset
  artifactKey: Guid(25807e83b802152438a49f8e07814842) Importer(815301076,1909f56bfc062723c751e8b465ee728b)
Start importing Assets/Tutorials/TutorialCallbacks.asset using Guid(25807e83b802152438a49f8e07814842) Importer(815301076,1909f56bfc062723c751e8b465ee728b)  -> (artifact id: '474a43f799a7ad9f00e8e59a5dc413d9') in 0.014727 seconds
  Import took 0.043937 seconds .

========================================================================
Received Import Request.
  Time since last request: 5.141726 seconds.
  path: Assets/Prefabs/Button.prefab
  artifactKey: Guid(7177f94ecf0cf1043a4790c439edbad6) Importer(815301076,1909f56bfc062723c751e8b465ee728b)
Start importing Assets/Prefabs/Button.prefab using Guid(7177f94ecf0cf1043a4790c439edbad6) Importer(815301076,1909f56bfc062723c751e8b465ee728b)  -> (artifact id: 'ab9438baac7c5a41138839367943a141') in 0.451425 seconds
  Import took 0.477417 seconds .

========================================================================
Received Import Request.
  Time since last request: 0.000964 seconds.
  path: Assets/Prefabs/UI Canvas.prefab
  artifactKey: Guid(9a1bd12ebb35d4dc997aa0c5494eda9b) Importer(815301076,1909f56bfc062723c751e8b465ee728b)
Start importing Assets/Prefabs/UI Canvas.prefab using Guid(9a1bd12ebb35d4dc997aa0c5494eda9b) Importer(815301076,1909f56bfc062723c751e8b465ee728b)  -> (artifact id: '5992d344b501058cf0bc2887a4e81f87') in 0.128129 seconds
  Import took 0.170650 seconds .

========================================================================
Received Import Request.
  Time since last request: 0.000380 seconds.
  path: Assets/Prefabs/Player.prefab
  artifactKey: Guid(7d60c822c3f1b408ea7a00ecdb5e047a) Importer(815301076,1909f56bfc062723c751e8b465ee728b)
Start importing Assets/Prefabs/Player.prefab using Guid(7d60c822c3f1b408ea7a00ecdb5e047a) Importer(815301076,1909f56bfc062723c751e8b465ee728b)  -> (artifact id: '664d2719e3a1a2063024b46ff4ed8667') in 0.637464 seconds
  Import took 0.672685 seconds .

========================================================================
Received Import Request.
  Time since last request: 0.000415 seconds.
  path: Assets/Prefabs/Enemy.prefab
  artifactKey: Guid(f158aa2be3df6489185ef721f6fd79c1) Importer(815301076,1909f56bfc062723c751e8b465ee728b)
Start importing Assets/Prefabs/Enemy.prefab using Guid(f158aa2be3df6489185ef721f6fd79c1) Importer(815301076,1909f56bfc062723c751e8b465ee728b)  -> (artifact id: 'd106058e71b0d37136286ff2733368cd') in 0.044640 seconds
  Import took 0.118514 seconds .

========================================================================
Received Import Request.
  Time since last request: 0.000339 seconds.
  path: Assets/Prefabs/TilePalette.prefab
  artifactKey: Guid(c02c4165d21a0fd488455befe67d7aac) Importer(815301076,1909f56bfc062723c751e8b465ee728b)
Start importing Assets/Prefabs/TilePalette.prefab using Guid(c02c4165d21a0fd488455befe67d7aac) Importer(815301076,1909f56bfc062723c751e8b465ee728b)  -> (artifact id: '82f29333482fff357ce256072d4b18e8') in 0.013761 seconds
  Import took 0.029835 seconds .

========================================================================
Received Import Request.
  Time since last request: 0.000336 seconds.
  path: Assets/Prefabs/CinemachineConfiner.prefab
  artifactKey: Guid(6f545478bd0fb7a478ed6f674a5210f5) Importer(815301076,1909f56bfc062723c751e8b465ee728b)
Start importing Assets/Prefabs/CinemachineConfiner.prefab using Guid(6f545478bd0fb7a478ed6f674a5210f5) Importer(815301076,1909f56bfc062723c751e8b465ee728b)  -> (artifact id: '1998071d4de5a1598fa9c2b4a0ea893e') in 0.013636 seconds
  Import took 0.028726 seconds .

========================================================================
Received Import Request.
  Time since last request: 19.636441 seconds.
  path: Assets/Character/Animations/Enemy.controller
  artifactKey: Guid(ed1bbb2dccb7a424a9969f916919f446) Importer(815301076,1909f56bfc062723c751e8b465ee728b)
Start importing Assets/Character/Animations/Enemy.controller using Guid(ed1bbb2dccb7a424a9969f916919f446) Importer(815301076,1909f56bfc062723c751e8b465ee728b)  -> (artifact id: '6881e94f313ad9be4516080e125ecf68') in 0.014737 seconds
  Import took 0.026869 seconds .

========================================================================
Received Import Request.
  Time since last request: 1.221971 seconds.
  path: Assets/Character/Animations/Player.controller
  artifactKey: Guid(b09e60546065cf9448b36ebb7f759a91) Importer(815301076,1909f56bfc062723c751e8b465ee728b)
Start importing Assets/Character/Animations/Player.controller using Guid(b09e60546065cf9448b36ebb7f759a91) Importer(815301076,1909f56bfc062723c751e8b465ee728b)  -> (artifact id: '37149a0c38a090548598a8f5e9dc8332') in 0.014649 seconds
  Import took 0.025043 seconds .

========================================================================
Received Import Request.
  Time since last request: 0.001344 seconds.
  path: Assets/Character/Animations/Player.controller
  artifactKey: Guid(b09e60546065cf9448b36ebb7f759a91) Importer(815301076,1909f56bfc062723c751e8b465ee728b)
Start importing Assets/Character/Animations/Player.controller using Guid(b09e60546065cf9448b36ebb7f759a91) Importer(815301076,1909f56bfc062723c751e8b465ee728b)  -> (artifact id: '37149a0c38a090548598a8f5e9dc8332') in 0.015355 seconds
  Import took 0.025979 seconds .

========================================================================
Received Import Request.
  Time since last request: 0.626255 seconds.
  path: Assets/Character/Animations/PlayerDeath.anim
  artifactKey: Guid(e0e8baec160e44e1bb74ca8e08777453) Importer(815301076,1909f56bfc062723c751e8b465ee728b)
Start importing Assets/Character/Animations/PlayerDeath.anim using Guid(e0e8baec160e44e1bb74ca8e08777453) Importer(815301076,1909f56bfc062723c751e8b465ee728b)  -> (artifact id: '72c7a373738404f487f28ee54342abd9') in 0.006135 seconds
  Import took 0.015454 seconds .

========================================================================
Received Import Request.
  Time since last request: 0.015036 seconds.
  path: Assets/Character/Animations/PlayerDeath.anim
  artifactKey: Guid(e0e8baec160e44e1bb74ca8e08777453) Importer(815301076,1909f56bfc062723c751e8b465ee728b)
Start importing Assets/Character/Animations/PlayerDeath.anim using Guid(e0e8baec160e44e1bb74ca8e08777453) Importer(815301076,1909f56bfc062723c751e8b465ee728b)  -> (artifact id: '72c7a373738404f487f28ee54342abd9') in 0.004791 seconds
  Import took 0.015175 seconds .

========================================================================
Received Import Request.
  Time since last request: 0.464945 seconds.
  path: Assets/Character/Animations/PlayerHurt.anim
  artifactKey: Guid(acd3fdc6781e749908cec8f29cbac75f) Importer(815301076,1909f56bfc062723c751e8b465ee728b)
Start importing Assets/Character/Animations/PlayerHurt.anim using Guid(acd3fdc6781e749908cec8f29cbac75f) Importer(815301076,1909f56bfc062723c751e8b465ee728b)  -> (artifact id: '2178d3bf40baa7f393cc472b5cfca3bd') in 0.005226 seconds
  Import took 0.015149 seconds .

========================================================================
Received Import Request.
  Time since last request: 4.771628 seconds.
  path: Assets/Character/Animations/EnemyDeath.anim
  artifactKey: Guid(8151a21a86e8443db8efcec43314dece) Importer(815301076,1909f56bfc062723c751e8b465ee728b)
Start importing Assets/Character/Animations/EnemyDeath.anim using Guid(8151a21a86e8443db8efcec43314dece) Importer(815301076,1909f56bfc062723c751e8b465ee728b)  -> (artifact id: 'd734711865f945aaec534cd07f4075ca') in 0.005899 seconds
  Import took 0.017243 seconds .

========================================================================
Received Import Request.
  Time since last request: 12.214739 seconds.
  path: Assets/Tutorials/BuildAndPublish
  artifactKey: Guid(baaecff3fce0ab54496533b13fac6393) Importer(815301076,1909f56bfc062723c751e8b465ee728b)
Start importing Assets/Tutorials/BuildAndPublish using Guid(baaecff3fce0ab54496533b13fac6393) Importer(815301076,1909f56bfc062723c751e8b465ee728b)  -> (artifact id: '98dfc2e89ebe0340a05b729159ba4589') in 0.004489 seconds
  Import took 0.014417 seconds .

========================================================================
Received Import Request.
  Time since last request: 0.559835 seconds.
  path: Assets/Tutorials/EditColors
  artifactKey: Guid(5bd99c30e23704264b211f6b8a59ba58) Importer(815301076,1909f56bfc062723c751e8b465ee728b)
Start importing Assets/Tutorials/EditColors using Guid(5bd99c30e23704264b211f6b8a59ba58) Importer(815301076,1909f56bfc062723c751e8b465ee728b)  -> (artifact id: '70dec44aa2f67b68840ae9a89990372e') in 0.004537 seconds
  Import took 0.014200 seconds .

========================================================================
Received Import Request.
  Time since last request: 0.710906 seconds.
  path: Assets/Tutorials/EditorControls
  artifactKey: Guid(52a12e25193ba413f92f765b65a5a393) Importer(815301076,1909f56bfc062723c751e8b465ee728b)
Start importing Assets/Tutorials/EditorControls using Guid(52a12e25193ba413f92f765b65a5a393) Importer(815301076,1909f56bfc062723c751e8b465ee728b)  -> (artifact id: 'bdfeaa2112f07afa78ea9fad81369143') in 0.005257 seconds
  Import took 0.016685 seconds .

========================================================================
Received Import Request.
  Time since last request: 1.185219 seconds.
  path: Assets/Tutorials/Playtest
  artifactKey: Guid(53ce0f524dfb54e34a20f4576916c415) Importer(815301076,1909f56bfc062723c751e8b465ee728b)
Start importing Assets/Tutorials/Playtest using Guid(53ce0f524dfb54e34a20f4576916c415) Importer(815301076,1909f56bfc062723c751e8b465ee728b)  -> (artifact id: '72b6ef5397acdee72cdb12f3014ae3ab') in 0.047768 seconds
  Import took 0.176840 seconds .

========================================================================
Received Import Request.
  Time since last request: 150.566857 seconds.
  path: Assets/Scripts/Gameplay/PlayerEnteredDeathZone.cs
  artifactKey: Guid(8f16a8f8b0a074a3a957b48df9f6a758) Importer(815301076,1909f56bfc062723c751e8b465ee728b)
Start importing Assets/Scripts/Gameplay/PlayerEnteredDeathZone.cs using Guid(8f16a8f8b0a074a3a957b48df9f6a758) Importer(815301076,1909f56bfc062723c751e8b465ee728b)  -> (artifact id: '07a76ce4327bf5c5fbb52885f6e5d940') in 0.004533 seconds
  Import took 0.014307 seconds .

========================================================================
Received Import Request.
  Time since last request: 148.928248 seconds.
  path: Assets/Scripts/Gameplay/EnemyDeath.cs
  artifactKey: Guid(372c5a0e9ae09479a837b93ab71d1e7a) Importer(815301076,1909f56bfc062723c751e8b465ee728b)
Start importing Assets/Scripts/Gameplay/EnemyDeath.cs using Guid(372c5a0e9ae09479a837b93ab71d1e7a) Importer(815301076,1909f56bfc062723c751e8b465ee728b)  -> (artifact id: '807b7754a781443fb23dc741a29c75da') in 0.002708 seconds
  Import took 0.009176 seconds .

========================================================================
Received Import Request.
  Time since last request: 0.000773 seconds.
  path: Assets/Scripts/Gameplay/EnemyDeath.cs
  artifactKey: Guid(372c5a0e9ae09479a837b93ab71d1e7a) Importer(815301076,1909f56bfc062723c751e8b465ee728b)
Start importing Assets/Scripts/Gameplay/EnemyDeath.cs using Guid(372c5a0e9ae09479a837b93ab71d1e7a) Importer(815301076,1909f56bfc062723c751e8b465ee728b)  -> (artifact id: '807b7754a781443fb23dc741a29c75da') in 0.002974 seconds
  Import took 0.009270 seconds .

========================================================================
Received Prepare
Registering precompiled user dll's ...
Registered in 0.002191 seconds.
Begin MonoManager ReloadAssembly
Native extension for WindowsStandalone target not found
Native extension for WebGL target not found
Refreshing native plugins compatible for Editor in 0.35 ms, found 0 plugins.
Preloading 0 native plugins for Editor in 0.00 ms.
Invoked RoslynAnalysisRunner static constructor.
RoslynAnalysisRunner will not be running.
RoslynAnalysisRunner has terminated.
Mono: successfully reloaded assembly
- Completed reload, in  0.866 seconds
Platform modules already initialized, skipping
Refreshing native plugins compatible for Editor in 0.33 ms, found 0 plugins.
Preloading 0 native plugins for Editor in 0.00 ms.
Unloading 1608 Unused Serialized files (Serialized files now loaded: 0)
System memory in use before: 80.1 MB.
System memory in use after: 78.4 MB.

Unloading 35 unused Assets to reduce memory usage. Loaded Objects now: 2116.
Total: 2.188800 ms (FindLiveObjects: 0.240400 ms CreateObjectMapping: 0.064700 ms MarkObjects: 1.320500 ms  DeleteObjects: 0.562200 ms)

========================================================================
Received Import Request.
  Time since last request: 198.082742 seconds.
  path: Assets/Environment/Sprites
  artifactKey: Guid(fbcc101ac651c4c1b97591f8c99f9f6d) Importer(815301076,1909f56bfc062723c751e8b465ee728b)
Start importing Assets/Environment/Sprites using Guid(fbcc101ac651c4c1b97591f8c99f9f6d) Importer(815301076,1909f56bfc062723c751e8b465ee728b)  -> (artifact id: 'f4ce5610ea49f4f3f98d5e188eeebf27') in 0.006762 seconds
  Import took 0.012349 seconds .

========================================================================
Received Import Request.
  Time since last request: 0.079566 seconds.
  path: Assets/Environment/Sprites/cloud.png
  artifactKey: Guid(510116f768c743e41b41ed30a8bdbc29) Importer(815301076,1909f56bfc062723c751e8b465ee728b)
Start importing Assets/Environment/Sprites/cloud.png using Guid(510116f768c743e41b41ed30a8bdbc29) Importer(815301076,1909f56bfc062723c751e8b465ee728b)  -> (artifact id: '8cddb501035ce258bf252ad588a0b133') in 0.044731 seconds
  Import took 0.050486 seconds .

========================================================================
Received Import Request.
  Time since last request: 0.000177 seconds.
  path: Assets/Environment/Sprites/TileFloatingLeftEdge.png
  artifactKey: Guid(cbb2fe4d69e24da4db5d9340b9a78b41) Importer(815301076,1909f56bfc062723c751e8b465ee728b)
Start importing Assets/Environment/Sprites/TileFloatingLeftEdge.png using Guid(cbb2fe4d69e24da4db5d9340b9a78b41) Importer(815301076,1909f56bfc062723c751e8b465ee728b)  -> (artifact id: '545b84ad27aba182c836f27aa77cb3ad') in 0.010673 seconds
  Import took 0.017088 seconds .

========================================================================
Received Import Request.
  Time since last request: 0.000206 seconds.
  path: Assets/Environment/Sprites/MidgroundFiller.png
  artifactKey: Guid(5bfb66baa66fb8249850422e5c04049c) Importer(815301076,1909f56bfc062723c751e8b465ee728b)
Start importing Assets/Environment/Sprites/MidgroundFiller.png using Guid(5bfb66baa66fb8249850422e5c04049c) Importer(815301076,1909f56bfc062723c751e8b465ee728b)  -> (artifact id: 'd527887b6860e1a9f88fb17b3432d13b') in 0.011915 seconds
  Import took 0.017809 seconds .

========================================================================
Received Import Request.
  Time since last request: 0.000224 seconds.
  path: Assets/Environment/Sprites/ShortBuilding.png
  artifactKey: Guid(d6bb3a4076992b34899422ed2833ca78) Importer(815301076,1909f56bfc062723c751e8b465ee728b)
Start importing Assets/Environment/Sprites/ShortBuilding.png using Guid(d6bb3a4076992b34899422ed2833ca78) Importer(815301076,1909f56bfc062723c751e8b465ee728b)  -> (artifact id: 'b6280b9ef6207747518d58163470ad4d') in 0.020765 seconds
  Import took 0.027857 seconds .

========================================================================
Received Import Request.
  Time since last request: 0.000181 seconds.
  path: Assets/Environment/Sprites/TileGroundDark.png
  artifactKey: Guid(822726e40d7799b499000f517f3fdf25) Importer(815301076,1909f56bfc062723c751e8b465ee728b)
Start importing Assets/Environment/Sprites/TileGroundDark.png using Guid(822726e40d7799b499000f517f3fdf25) Importer(815301076,1909f56bfc062723c751e8b465ee728b)  -> (artifact id: '66e101815fa3b10c47812f0d8eea0d1b') in 0.011050 seconds
  Import took 0.018147 seconds .

========================================================================
Received Import Request.
  Time since last request: 0.000211 seconds.
  path: Assets/Environment/Sprites/TileGroundTop.png
  artifactKey: Guid(74123a47f787b014e9cc87c75ed7460a) Importer(815301076,1909f56bfc062723c751e8b465ee728b)
Start importing Assets/Environment/Sprites/TileGroundTop.png using Guid(74123a47f787b014e9cc87c75ed7460a) Importer(815301076,1909f56bfc062723c751e8b465ee728b)  -> (artifact id: 'c066342f79571c2bf087a523a379ea2e') in 0.011390 seconds
  Import took 0.017772 seconds .

========================================================================
Received Import Request.
  Time since last request: 0.000232 seconds.
  path: Assets/Environment/Sprites/TileFloatingRightEdge.png
  artifactKey: Guid(3e2b02880f6f91b43a412e910b8943a4) Importer(815301076,1909f56bfc062723c751e8b465ee728b)
Start importing Assets/Environment/Sprites/TileFloatingRightEdge.png using Guid(3e2b02880f6f91b43a412e910b8943a4) Importer(815301076,1909f56bfc062723c751e8b465ee728b)  -> (artifact id: '226ad14533ae0e4950c9fce0b7cd63f8') in 0.013262 seconds
  Import took 0.020414 seconds .

========================================================================
Received Import Request.
  Time since last request: 0.000348 seconds.
  path: Assets/Environment/Sprites/TallBuilding.png
  artifactKey: Guid(fc837eb64bd35a64dbff20cd45295fab) Importer(815301076,1909f56bfc062723c751e8b465ee728b)
Start importing Assets/Environment/Sprites/TallBuilding.png using Guid(fc837eb64bd35a64dbff20cd45295fab) Importer(815301076,1909f56bfc062723c751e8b465ee728b)  -> (artifact id: '27a6e5c3e1b32283c771c81e795a60ba') in 0.014823 seconds
  Import took 0.021964 seconds .

========================================================================
Received Import Request.
  Time since last request: 0.000278 seconds.
  path: Assets/Environment/Sprites/mountains.png
  artifactKey: Guid(ae15cd3a7745ebf48a7b644b11834130) Importer(815301076,1909f56bfc062723c751e8b465ee728b)
Start importing Assets/Environment/Sprites/mountains.png using Guid(ae15cd3a7745ebf48a7b644b11834130) Importer(815301076,1909f56bfc062723c751e8b465ee728b)  -> (artifact id: '23e2f347fa4ab885d254c2d486a8796a') in 0.013404 seconds
  Import took 0.020170 seconds .

========================================================================
Received Import Request.
  Time since last request: 0.000180 seconds.
  path: Assets/Environment/Sprites/hillside.png
  artifactKey: Guid(6484ca7da7c3c4b4f81cadedb9b18e9b) Importer(815301076,1909f56bfc062723c751e8b465ee728b)
Start importing Assets/Environment/Sprites/hillside.png using Guid(6484ca7da7c3c4b4f81cadedb9b18e9b) Importer(815301076,1909f56bfc062723c751e8b465ee728b)  -> (artifact id: 'fcbfea0a09d237bf66b2be432355aadb') in 0.012191 seconds
  Import took 0.018859 seconds .

========================================================================
Received Import Request.
  Time since last request: 0.000232 seconds.
  path: Assets/Environment/Sprites/tree.png
  artifactKey: Guid(0297adc2e728da242a0e78df10d9b8b8) Importer(815301076,1909f56bfc062723c751e8b465ee728b)
Start importing Assets/Environment/Sprites/tree.png using Guid(0297adc2e728da242a0e78df10d9b8b8) Importer(815301076,1909f56bfc062723c751e8b465ee728b)  -> (artifact id: 'ea88aa7e84ba752ae028d753bcf8614a') in 0.015166 seconds
  Import took 0.022806 seconds .

========================================================================
Received Import Request.
  Time since last request: 0.000294 seconds.
  path: Assets/Environment/Sprites/TileFloatingMiddle.png
  artifactKey: Guid(4b59a07770b3607408af06862bbf6de6) Importer(815301076,1909f56bfc062723c751e8b465ee728b)
Start importing Assets/Environment/Sprites/TileFloatingMiddle.png using Guid(4b59a07770b3607408af06862bbf6de6) Importer(815301076,1909f56bfc062723c751e8b465ee728b)  -> (artifact id: '38b7c4b502eafe5b5f7be6b4704471a9') in 0.011997 seconds
  Import took 0.018996 seconds .

========================================================================
Received Import Request.
  Time since last request: 0.000166 seconds.
  path: Assets/Environment/Sprites/TileGround.png
  artifactKey: Guid(4ab30a6b78053f440ad8969d54c83d95) Importer(815301076,1909f56bfc062723c751e8b465ee728b)
Start importing Assets/Environment/Sprites/TileGround.png using Guid(4ab30a6b78053f440ad8969d54c83d95) Importer(815301076,1909f56bfc062723c751e8b465ee728b)  -> (artifact id: 'cd973b0b3836096b54d4f655db1a6ca7') in 0.013174 seconds
  Import took 0.019515 seconds .

========================================================================
Received Import Request.
  Time since last request: 0.000164 seconds.
  path: Assets/Environment/Sprites/plant.png
  artifactKey: Guid(31100c1a6774a964a9f5502cff2fb6c2) Importer(815301076,1909f56bfc062723c751e8b465ee728b)
Start importing Assets/Environment/Sprites/plant.png using Guid(31100c1a6774a964a9f5502cff2fb6c2) Importer(815301076,1909f56bfc062723c751e8b465ee728b)  -> (artifact id: 'ccb744cd96c61b2bfa6ea069f58b2694') in 0.009985 seconds
  Import took 0.016324 seconds .

========================================================================
Received Import Request.
  Time since last request: 0.000169 seconds.
  path: Assets/Environment/Sprites/midground.png
  artifactKey: Guid(ae2c8da0a2b52a94693061615670c2aa) Importer(815301076,1909f56bfc062723c751e8b465ee728b)
Start importing Assets/Environment/Sprites/midground.png using Guid(ae2c8da0a2b52a94693061615670c2aa) Importer(815301076,1909f56bfc062723c751e8b465ee728b)  -> (artifact id: 'ccfea460f91169045822dfe2621c521e') in 0.021485 seconds
  Import took 0.028647 seconds .

========================================================================
Received Import Request.
  Time since last request: 0.000207 seconds.
  path: Assets/Environment/Sprites/house.png
  artifactKey: Guid(94e3ad24efa41394381384e2f14d15a2) Importer(815301076,1909f56bfc062723c751e8b465ee728b)
Start importing Assets/Environment/Sprites/house.png using Guid(94e3ad24efa41394381384e2f14d15a2) Importer(815301076,1909f56bfc062723c751e8b465ee728b)  -> (artifact id: '4df6405fd7b41f1231db081adf58d90b') in 0.015290 seconds
  Import took 0.021449 seconds .

========================================================================
Received Import Request.
  Time since last request: 0.000187 seconds.
  path: Assets/Environment/Sprites/fence.png
  artifactKey: Guid(5923f7e825e7cd44f9ae0017f0f1f139) Importer(815301076,1909f56bfc062723c751e8b465ee728b)
Start importing Assets/Environment/Sprites/fence.png using Guid(5923f7e825e7cd44f9ae0017f0f1f139) Importer(815301076,1909f56bfc062723c751e8b465ee728b)  -> (artifact id: 'fd8ef0847302a3cadf0a23aedb4eafb8') in 0.011975 seconds
  Import took 0.018799 seconds .

========================================================================
Received Prepare
Registering precompiled user dll's ...
Registered in 0.001525 seconds.
Begin MonoManager ReloadAssembly
Native extension for WindowsStandalone target not found
Native extension for WebGL target not found
Refreshing native plugins compatible for Editor in 0.33 ms, found 0 plugins.
Preloading 0 native plugins for Editor in 0.00 ms.
Invoked RoslynAnalysisRunner static constructor.
RoslynAnalysisRunner will not be running.
RoslynAnalysisRunner has terminated.
Mono: successfully reloaded assembly
- Completed reload, in  1.019 seconds
Platform modules already initialized, skipping
Refreshing native plugins compatible for Editor in 0.50 ms, found 0 plugins.
Preloading 0 native plugins for Editor in 0.00 ms.
Unloading 1608 Unused Serialized files (Serialized files now loaded: 0)
System memory in use before: 80.3 MB.
System memory in use after: 78.6 MB.

Unloading 35 unused Assets to reduce memory usage. Loaded Objects now: 2133.
Total: 4.435900 ms (FindLiveObjects: 0.392800 ms CreateObjectMapping: 0.162300 ms MarkObjects: 2.449400 ms  DeleteObjects: 1.429500 ms)

========================================================================
Received Prepare
Registering precompiled user dll's ...
Registered in 0.002167 seconds.
Begin MonoManager ReloadAssembly
Native extension for WindowsStandalone target not found
Native extension for WebGL target not found
Refreshing native plugins compatible for Editor in 0.35 ms, found 0 plugins.
Preloading 0 native plugins for Editor in 0.00 ms.
Invoked RoslynAnalysisRunner static constructor.
RoslynAnalysisRunner will not be running.
RoslynAnalysisRunner has terminated.
Mono: successfully reloaded assembly
- Completed reload, in  0.744 seconds
Platform modules already initialized, skipping
Refreshing native plugins compatible for Editor in 0.29 ms, found 0 plugins.
Preloading 0 native plugins for Editor in 0.00 ms.
Unloading 1608 Unused Serialized files (Serialized files now loaded: 0)
System memory in use before: 80.3 MB.
System memory in use after: 78.6 MB.

Unloading 35 unused Assets to reduce memory usage. Loaded Objects now: 2136.
Total: 2.768800 ms (FindLiveObjects: 0.194000 ms CreateObjectMapping: 0.237200 ms MarkObjects: 1.398500 ms  DeleteObjects: 0.938100 ms)

========================================================================
Received Prepare
Registering precompiled user dll's ...
Registered in 0.001706 seconds.
Begin MonoManager ReloadAssembly
Native extension for WindowsStandalone target not found
Native extension for WebGL target not found
Refreshing native plugins compatible for Editor in 0.36 ms, found 0 plugins.
Preloading 0 native plugins for Editor in 0.00 ms.
Invoked RoslynAnalysisRunner static constructor.
RoslynAnalysisRunner will not be running.
RoslynAnalysisRunner has terminated.
Mono: successfully reloaded assembly
- Completed reload, in  0.897 seconds
Platform modules already initialized, skipping
Refreshing native plugins compatible for Editor in 0.57 ms, found 0 plugins.
Preloading 0 native plugins for Editor in 0.00 ms.
Unloading 1608 Unused Serialized files (Serialized files now loaded: 0)
System memory in use before: 80.3 MB.
System memory in use after: 78.6 MB.

Unloading 35 unused Assets to reduce memory usage. Loaded Objects now: 2139.
Total: 5.719800 ms (FindLiveObjects: 0.393100 ms CreateObjectMapping: 0.187200 ms MarkObjects: 3.814500 ms  DeleteObjects: 1.322500 ms)

========================================================================
Received Prepare
Registering precompiled user dll's ...
Registered in 0.002071 seconds.
Begin MonoManager ReloadAssembly
Native extension for WindowsStandalone target not found
Native extension for WebGL target not found
Refreshing native plugins compatible for Editor in 0.48 ms, found 0 plugins.
Preloading 0 native plugins for Editor in 0.00 ms.
Invoked RoslynAnalysisRunner static constructor.
RoslynAnalysisRunner will not be running.
RoslynAnalysisRunner has terminated.
Mono: successfully reloaded assembly
- Completed reload, in  0.929 seconds
Platform modules already initialized, skipping
Refreshing native plugins compatible for Editor in 0.49 ms, found 0 plugins.
Preloading 0 native plugins for Editor in 0.00 ms.
Unloading 1608 Unused Serialized files (Serialized files now loaded: 0)
System memory in use before: 80.3 MB.
System memory in use after: 78.6 MB.

Unloading 35 unused Assets to reduce memory usage. Loaded Objects now: 2142.
Total: 2.514000 ms (FindLiveObjects: 0.239600 ms CreateObjectMapping: 0.080100 ms MarkObjects: 1.338600 ms  DeleteObjects: 0.854400 ms)

========================================================================
Received Import Request.
  Time since last request: 476.125496 seconds.
  path: Packages/com.unity.timeline/Runtime/Utilities/AnimatorBindingCache.cs
  artifactKey: Guid(d0080567f62c3f94cb75b2927a349e22) Importer(815301076,1909f56bfc062723c751e8b465ee728b)
Start importing Packages/com.unity.timeline/Runtime/Utilities/AnimatorBindingCache.cs using Guid(d0080567f62c3f94cb75b2927a349e22) Importer(815301076,1909f56bfc062723c751e8b465ee728b)  -> (artifact id: '8deab2c7b9fcedd28df4ce9ec238645e') in 0.005868 seconds
  Import took 0.012276 seconds .

========================================================================
Received Import Request.
  Time since last request: 10.683790 seconds.
  path: Packages/com.unity.textmeshpro/Scripts/Runtime/TMP_SpriteAnimator.cs
  artifactKey: Guid(6366ee97f6b541449155028b9487355a) Importer(815301076,1909f56bfc062723c751e8b465ee728b)
Start importing Packages/com.unity.textmeshpro/Scripts/Runtime/TMP_SpriteAnimator.cs using Guid(6366ee97f6b541449155028b9487355a) Importer(815301076,1909f56bfc062723c751e8b465ee728b)  -> (artifact id: '21b24b995622c8cede98b89812cf9731') in 0.007060 seconds
  Import took 0.041910 seconds .

========================================================================
Received Import Request.
  Time since last request: 33.476330 seconds.
  path: Assets/Scripts/Gameplay/EnemyDeath.cs
  artifactKey: Guid(372c5a0e9ae09479a837b93ab71d1e7a) Importer(815301076,1909f56bfc062723c751e8b465ee728b)
Start importing Assets/Scripts/Gameplay/EnemyDeath.cs using Guid(372c5a0e9ae09479a837b93ab71d1e7a) Importer(815301076,1909f56bfc062723c751e8b465ee728b)  -> (artifact id: 'bb77d01c6781b916f0dd9808efa5b0d1') in 0.002390 seconds
  Import took 0.008663 seconds .

========================================================================
Received Prepare
Registering precompiled user dll's ...
Registered in 0.004219 seconds.
Begin MonoManager ReloadAssembly
Native extension for WindowsStandalone target not found
Native extension for WebGL target not found
Refreshing native plugins compatible for Editor in 0.35 ms, found 0 plugins.
Preloading 0 native plugins for Editor in 0.00 ms.
Invoked RoslynAnalysisRunner static constructor.
RoslynAnalysisRunner will not be running.
RoslynAnalysisRunner has terminated.
Mono: successfully reloaded assembly
- Completed reload, in  1.329 seconds
Platform modules already initialized, skipping
Refreshing native plugins compatible for Editor in 0.36 ms, found 0 plugins.
Preloading 0 native plugins for Editor in 0.00 ms.
Unloading 1608 Unused Serialized files (Serialized files now loaded: 0)
System memory in use before: 80.3 MB.
System memory in use after: 78.6 MB.

Unloading 35 unused Assets to reduce memory usage. Loaded Objects now: 2145.
Total: 2.034300 ms (FindLiveObjects: 0.166900 ms CreateObjectMapping: 0.058600 ms MarkObjects: 1.192000 ms  DeleteObjects: 0.615900 ms)

========================================================================
Received Prepare
Registering precompiled user dll's ...
Registered in 0.001615 seconds.
Begin MonoManager ReloadAssembly
Native extension for WindowsStandalone target not found
Native extension for WebGL target not found
Refreshing native plugins compatible for Editor in 0.30 ms, found 0 plugins.
Preloading 0 native plugins for Editor in 0.00 ms.
Invoked RoslynAnalysisRunner static constructor.
RoslynAnalysisRunner will not be running.
RoslynAnalysisRunner has terminated.
Mono: successfully reloaded assembly
- Completed reload, in  0.885 seconds
Platform modules already initialized, skipping
Refreshing native plugins compatible for Editor in 0.79 ms, found 0 plugins.
Preloading 0 native plugins for Editor in 0.00 ms.
Unloading 1608 Unused Serialized files (Serialized files now loaded: 0)
System memory in use before: 80.3 MB.
System memory in use after: 78.6 MB.

Unloading 35 unused Assets to reduce memory usage. Loaded Objects now: 2148.
Total: 5.339000 ms (FindLiveObjects: 0.625200 ms CreateObjectMapping: 0.278500 ms MarkObjects: 2.584500 ms  DeleteObjects: 1.848300 ms)

========================================================================
Received Import Request.
  Time since last request: 598.211388 seconds.
  path: Assets/Scripts/Core/Simulation.Event.cs
  artifactKey: Guid(808327a9d6f9344eab70aca5c52427e5) Importer(815301076,1909f56bfc062723c751e8b465ee728b)
Start importing Assets/Scripts/Core/Simulation.Event.cs using Guid(808327a9d6f9344eab70aca5c52427e5) Importer(815301076,1909f56bfc062723c751e8b465ee728b)  -> (artifact id: '6cbec3d9753720835f0d464a70ae80f0') in 0.006691 seconds
  Import took 0.014277 seconds .

========================================================================
Received Import Request.
  Time since last request: 8.003394 seconds.
  path: Assets/Scripts/Gameplay/EnemyDeath.cs
  artifactKey: Guid(372c5a0e9ae09479a837b93ab71d1e7a) Importer(815301076,1909f56bfc062723c751e8b465ee728b)
Start importing Assets/Scripts/Gameplay/EnemyDeath.cs using Guid(372c5a0e9ae09479a837b93ab71d1e7a) Importer(815301076,1909f56bfc062723c751e8b465ee728b)  -> (artifact id: '64b942fbaece84a7317d3acfcfa50bca') in 0.002269 seconds
  Import took 0.009039 seconds .

========================================================================
Received Prepare
Registering precompiled user dll's ...
Registered in 0.001622 seconds.
Begin MonoManager ReloadAssembly
Native extension for WindowsStandalone target not found
Native extension for WebGL target not found
Refreshing native plugins compatible for Editor in 0.55 ms, found 0 plugins.
Preloading 0 native plugins for Editor in 0.00 ms.
Invoked RoslynAnalysisRunner static constructor.
RoslynAnalysisRunner will not be running.
RoslynAnalysisRunner has terminated.
Mono: successfully reloaded assembly
- Completed reload, in  3.767 seconds
Platform modules already initialized, skipping
Refreshing native plugins compatible for Editor in 0.32 ms, found 0 plugins.
Preloading 0 native plugins for Editor in 0.00 ms.
Unloading 1608 Unused Serialized files (Serialized files now loaded: 0)
System memory in use before: 80.3 MB.
System memory in use after: 78.6 MB.

Unloading 35 unused Assets to reduce memory usage. Loaded Objects now: 2151.
Total: 2.182300 ms (FindLiveObjects: 0.155600 ms CreateObjectMapping: 0.049800 ms MarkObjects: 1.326900 ms  DeleteObjects: 0.649000 ms)

========================================================================
Received Prepare
Registering precompiled user dll's ...
Registered in 0.002378 seconds.
Begin MonoManager ReloadAssembly
Native extension for WindowsStandalone target not found
Native extension for WebGL target not found
Refreshing native plugins compatible for Editor in 0.59 ms, found 0 plugins.
Preloading 0 native plugins for Editor in 0.00 ms.
Invoked RoslynAnalysisRunner static constructor.
RoslynAnalysisRunner will not be running.
RoslynAnalysisRunner has terminated.
Mono: successfully reloaded assembly
- Completed reload, in  2.345 seconds
Platform modules already initialized, skipping
Refreshing native plugins compatible for Editor in 0.53 ms, found 0 plugins.
Preloading 0 native plugins for Editor in 0.00 ms.
Unloading 1608 Unused Serialized files (Serialized files now loaded: 0)
System memory in use before: 80.3 MB.
System memory in use after: 78.7 MB.

Unloading 35 unused Assets to reduce memory usage. Loaded Objects now: 2154.
Total: 3.390300 ms (FindLiveObjects: 0.305100 ms CreateObjectMapping: 0.118200 ms MarkObjects: 2.035000 ms  DeleteObjects: 0.929900 ms)

========================================================================
Received Prepare
Registering precompiled user dll's ...
Registered in 0.002564 seconds.
Begin MonoManager ReloadAssembly
Native extension for WindowsStandalone target not found
Native extension for WebGL target not found
Refreshing native plugins compatible for Editor in 0.49 ms, found 0 plugins.
Preloading 0 native plugins for Editor in 0.00 ms.
Invoked RoslynAnalysisRunner static constructor.
RoslynAnalysisRunner will not be running.
RoslynAnalysisRunner has terminated.
Mono: successfully reloaded assembly
- Completed reload, in  1.785 seconds
Platform modules already initialized, skipping
Refreshing native plugins compatible for Editor in 0.48 ms, found 0 plugins.
Preloading 0 native plugins for Editor in 0.00 ms.
Unloading 1608 Unused Serialized files (Serialized files now loaded: 0)
System memory in use before: 80.3 MB.
System memory in use after: 78.7 MB.

Unloading 35 unused Assets to reduce memory usage. Loaded Objects now: 2157.
Total: 2.142400 ms (FindLiveObjects: 0.165200 ms CreateObjectMapping: 0.056300 ms MarkObjects: 1.313800 ms  DeleteObjects: 0.606400 ms)

========================================================================
Received Prepare
Registering precompiled user dll's ...
Registered in 0.012363 seconds.
Begin MonoManager ReloadAssembly
Native extension for WindowsStandalone target not found
Native extension for WebGL target not found
Refreshing native plugins compatible for Editor in 0.37 ms, found 0 plugins.
Preloading 0 native plugins for Editor in 0.00 ms.
Invoked RoslynAnalysisRunner static constructor.
RoslynAnalysisRunner will not be running.
RoslynAnalysisRunner has terminated.
Mono: successfully reloaded assembly
- Completed reload, in  1.531 seconds
Platform modules already initialized, skipping
Refreshing native plugins compatible for Editor in 0.40 ms, found 0 plugins.
Preloading 0 native plugins for Editor in 0.00 ms.
Unloading 1608 Unused Serialized files (Serialized files now loaded: 0)
System memory in use before: 80.4 MB.
System memory in use after: 78.7 MB.

Unloading 35 unused Assets to reduce memory usage. Loaded Objects now: 2160.
Total: 2.652500 ms (FindLiveObjects: 0.205000 ms CreateObjectMapping: 0.096600 ms MarkObjects: 1.612100 ms  DeleteObjects: 0.737400 ms)

========================================================================
Received Prepare
Registering precompiled user dll's ...
Registered in 0.001816 seconds.
Begin MonoManager ReloadAssembly
Native extension for WindowsStandalone target not found
Native extension for WebGL target not found
Refreshing native plugins compatible for Editor in 0.47 ms, found 0 plugins.
Preloading 0 native plugins for Editor in 0.00 ms.
Invoked RoslynAnalysisRunner static constructor.
RoslynAnalysisRunner will not be running.
RoslynAnalysisRunner has terminated.
Mono: successfully reloaded assembly
- Completed reload, in  2.248 seconds
Platform modules already initialized, skipping
Refreshing native plugins compatible for Editor in 0.57 ms, found 0 plugins.
Preloading 0 native plugins for Editor in 0.00 ms.
Unloading 1608 Unused Serialized files (Serialized files now loaded: 0)
System memory in use before: 80.4 MB.
System memory in use after: 78.7 MB.

Unloading 35 unused Assets to reduce memory usage. Loaded Objects now: 2163.
Total: 7.026700 ms (FindLiveObjects: 1.133400 ms CreateObjectMapping: 0.291500 ms MarkObjects: 4.396500 ms  DeleteObjects: 1.202400 ms)

========================================================================
Received Prepare
Registering precompiled user dll's ...
Registered in 0.001806 seconds.
Begin MonoManager ReloadAssembly
Native extension for WindowsStandalone target not found
Native extension for WebGL target not found
Refreshing native plugins compatible for Editor in 0.54 ms, found 0 plugins.
Preloading 0 native plugins for Editor in 0.00 ms.
Invoked RoslynAnalysisRunner static constructor.
RoslynAnalysisRunner will not be running.
RoslynAnalysisRunner has terminated.
Mono: successfully reloaded assembly
- Completed reload, in  1.302 seconds
Platform modules already initialized, skipping
Refreshing native plugins compatible for Editor in 0.44 ms, found 0 plugins.
Preloading 0 native plugins for Editor in 0.00 ms.
Unloading 1608 Unused Serialized files (Serialized files now loaded: 0)
System memory in use before: 80.4 MB.
System memory in use after: 78.7 MB.

Unloading 35 unused Assets to reduce memory usage. Loaded Objects now: 2166.
Total: 3.543800 ms (FindLiveObjects: 0.281300 ms CreateObjectMapping: 0.107400 ms MarkObjects: 2.252000 ms  DeleteObjects: 0.902000 ms)

========================================================================
Received Prepare
Registering precompiled user dll's ...
Registered in 0.003006 seconds.
Begin MonoManager ReloadAssembly
Native extension for WindowsStandalone target not found
Native extension for WebGL target not found
Refreshing native plugins compatible for Editor in 0.35 ms, found 0 plugins.
Preloading 0 native plugins for Editor in 0.00 ms.
Invoked RoslynAnalysisRunner static constructor.
RoslynAnalysisRunner will not be running.
RoslynAnalysisRunner has terminated.
Mono: successfully reloaded assembly
- Completed reload, in  0.957 seconds
Platform modules already initialized, skipping
Refreshing native plugins compatible for Editor in 0.36 ms, found 0 plugins.
Preloading 0 native plugins for Editor in 0.00 ms.
Unloading 1608 Unused Serialized files (Serialized files now loaded: 0)
System memory in use before: 80.4 MB.
System memory in use after: 78.7 MB.

Unloading 35 unused Assets to reduce memory usage. Loaded Objects now: 2169.
Total: 2.520000 ms (FindLiveObjects: 0.211700 ms CreateObjectMapping: 0.063100 ms MarkObjects: 1.526000 ms  DeleteObjects: 0.718000 ms)

AssetImportWorkerClient::OnTransportError - code=2 error=End of file
